<?xml version="1.0" encoding="UTF-8"?>
<testng-results ignored="0" total="1" passed="1" failed="0" skipped="0">
  <reporter-output>
  </reporter-output>
  <suite started-at="2023-03-28T11:54:54 MMT" name="helloworldpac.TestHelloWorld" finished-at="2023-03-28T11:54:54 MMT" duration-ms="61">
    <groups>
    </groups>
    <test started-at="2023-03-28T11:54:54 MMT" name="Command line test" finished-at="2023-03-28T11:54:54 MMT" duration-ms="61">
      <class name="helloworldpac.TestHelloWorld">
        <test-method signature="TestHelloWorld()[pri:0, instance:helloworldpac.TestHelloWorld@1623b78d]" started-at="2023-03-28T11:54:54 MMT" name="TestHelloWorld" finished-at="2023-03-28T11:54:54 MMT" duration-ms="7" status="PASS">
          <reporter-output>
          </reporter-output>
        </test-method> <!-- TestHelloWorld -->
      </class> <!-- helloworldpac.TestHelloWorld -->
    </test> <!-- Command line test -->
  </suite> <!-- helloworldpac.TestHelloWorld -->
</testng-results>
